<?xml version="1.0" encoding="UTF-8"?>
<!-- Generated by org.testng.reporters.JUnitReportReporter -->
<testsuite hostname="INLM-Karthickb1.local" failures="0" tests="1" name="TestCases.function" time="8.262" errors="0" timestamp="2021-05-04T23:05:24 IST" skipped="0">
  <testcase classname="TestCases.function" name="f" time="8.262"/>
  <system-out/>
</testsuite> <!-- TestCases.function -->
